Test 1:

Device: Intel(R) Core(TM) i5-4590 CPU @ 3.30GHz 
693.075ms
--------------------
A=0
B=-0.00043
C=8.9e-07
D=5.32907e-15
E=5.32907e-15
Stack=0.589843
Semblance=0.997433

Device: Intel(R) HD Graphics 
738.141ms
--------------------
A=0
B=-0.00043
C=8.8e-07
D=5.32907e-15
E=5.32907e-15
Stack=0.589791
Semblance=0.997444


Test 2:

Device: Intel(R) Core(TM) i5-4590 CPU @ 3.30GHz 
2817.986ms
--------------------
A=0.00011516
B=-0.000194
C=7.4e-07
D=7e-10
E=5.61e-08
Stack=0.263432
Semblance=0.997844

Device: Intel(R) HD Graphics 
2444.934ms
--------------------
A=0.00011516
B=-0.000194
C=7.4e-07
D=7e-10
E=5.61e-08
Stack=0.263432
Semblance=0.997844


Test 3:

Device: Intel(R) Core(TM) i5-4590 CPU @ 3.30GHz 
2822.535ms
--------------------
A=-0.000147
B=-0.000139
C=5.096e-07
D=3.882e-07
E=-1.4404e-07
Stack=0.129953
Semblance=0.990796

Device: Intel(R) HD Graphics 
2441.220ms
--------------------
A=-0.000147
B=-0.000139
C=5.096e-07
D=3.882e-07
E=-1.4404e-07
Stack=0.129953
Semblance=0.990795

